{"/Users/pavlo/WebstormProjects/translator-app/src/languages.ts": {"path":"/Users/pavlo/WebstormProjects/translator-app/src/languages.ts","statementMap":{"0":{"start":{"line":3,"column":0},"end":{"line":3,"column":null}},"1":{"start":{"line":4,"column":2},"end":{"line":4,"column":null}},"2":{"start":{"line":5,"column":2},"end":{"line":5,"column":null}},"3":{"start":{"line":6,"column":2},"end":{"line":6,"column":null}},"4":{"start":{"line":7,"column":2},"end":{"line":7,"column":null}},"5":{"start":{"line":8,"column":2},"end":{"line":8,"column":null}},"6":{"start":{"line":9,"column":2},"end":{"line":9,"column":null}},"7":{"start":{"line":11,"column":13},"end":{"line":18,"column":2}}},"fnMap":{"0":{"name":"(anonymous_0)","decl":{"start":{"line":3,"column":0},"end":{"line":3,"column":12}},"loc":{"start":{"line":3,"column":21},"end":{"line":10,"column":1}}}},"branchMap":{"0":{"loc":{"start":{"line":3,"column":12},"end":{"line":3,"column":null}},"type":"binary-expr","locations":[{"start":{"line":3,"column":12},"end":{"line":3,"column":21}},{"start":{"line":3,"column":12},"end":{"line":3,"column":null}}]}},"s":{"0":3,"1":3,"2":3,"3":3,"4":3,"5":3,"6":3,"7":3},"f":{"0":3},"b":{"0":[3,3]}}
,"/Users/pavlo/WebstormProjects/translator-app/src/components/Button.vue": {"path":"/Users/pavlo/WebstormProjects/translator-app/src/components/Button.vue","statementMap":{"0":{"start":{"line":8,"column":0},"end":{"line":8,"column":null}},"1":{"start":{"line":1,"column":0},"end":{"line":1,"column":null}}},"fnMap":{"0":{"name":"(anonymous_2)","decl":{"start":{"line":1,"column":0},"end":{"line":1,"column":null}},"loc":{"start":{"line":1,"column":0},"end":{"line":1,"column":null}}}},"branchMap":{},"s":{"0":3,"1":648},"f":{"0":215},"b":{}}
,"/Users/pavlo/WebstormProjects/translator-app/src/components/IconSvg.vue": {"path":"/Users/pavlo/WebstormProjects/translator-app/src/components/IconSvg.vue","statementMap":{"0":{"start":{"line":14,"column":0},"end":{"line":14,"column":null}},"1":{"start":{"line":1,"column":0},"end":{"line":1,"column":null}}},"fnMap":{"0":{"name":"(anonymous_3)","decl":{"start":{"line":1,"column":0},"end":{"line":1,"column":null}},"loc":{"start":{"line":1,"column":0},"end":{"line":1,"column":null}}}},"branchMap":{"0":{"loc":{"start":{"line":1,"column":0},"end":{"line":1,"column":null}},"type":"cond-expr","locations":[{"start":{"line":1,"column":0},"end":{"line":1,"column":null}},{"start":{"line":1,"column":0},"end":{"line":1,"column":null}}]}},"s":{"0":3,"1":21},"f":{"0":4},"b":{"0":[3,1]}}
,"/Users/pavlo/WebstormProjects/translator-app/src/components/Loader.vue": {"path":"/Users/pavlo/WebstormProjects/translator-app/src/components/Loader.vue","statementMap":{"0":{"start":{"line":6,"column":0},"end":{"line":6,"column":null}},"1":{"start":{"line":1,"column":0},"end":{"line":1,"column":null}}},"fnMap":{"0":{"name":"(anonymous_2)","decl":{"start":{"line":1,"column":0},"end":{"line":1,"column":null}},"loc":{"start":{"line":1,"column":0},"end":{"line":1,"column":null}}}},"branchMap":{},"s":{"0":1,"1":21},"f":{"0":6},"b":{}}
,"/Users/pavlo/WebstormProjects/translator-app/src/components/SavedTranslations.vue": {"path":"/Users/pavlo/WebstormProjects/translator-app/src/components/SavedTranslations.vue","statementMap":{"0":{"start":{"line":45,"column":0},"end":{"line":45,"column":null}},"1":{"start":{"line":46,"column":0},"end":{"line":46,"column":null}},"2":{"start":{"line":48,"column":0},"end":{"line":48,"column":null}},"3":{"start":{"line":1,"column":0},"end":{"line":1,"column":null}}},"fnMap":{"0":{"name":"(anonymous_9)","decl":{"start":{"line":1,"column":0},"end":{"line":1,"column":null}},"loc":{"start":{"line":1,"column":0},"end":{"line":1,"column":null}}}},"branchMap":{},"s":{"0":2,"1":2,"2":2,"3":56},"f":{"0":22},"b":{}}
,"/Users/pavlo/WebstormProjects/translator-app/src/components/Select.vue": {"path":"/Users/pavlo/WebstormProjects/translator-app/src/components/Select.vue","statementMap":{"0":{"start":{"line":15,"column":0},"end":{"line":15,"column":null}},"1":{"start":{"line":1,"column":0},"end":{"line":1,"column":null}}},"fnMap":{"0":{"name":"(anonymous_2)","decl":{"start":{"line":1,"column":0},"end":{"line":1,"column":null}},"loc":{"start":{"line":1,"column":0},"end":{"line":1,"column":null}}}},"branchMap":{"0":{"loc":{"start":{"line":1,"column":0},"end":{"line":1,"column":null}},"type":"cond-expr","locations":[{"start":{"line":1,"column":0},"end":{"line":1,"column":null}},{"start":{"line":1,"column":0},"end":{"line":1,"column":null}}]}},"s":{"0":1,"1":445},"f":{"0":344},"b":{"0":[1,1]}}
,"/Users/pavlo/WebstormProjects/translator-app/src/components/TextArea.vue": {"path":"/Users/pavlo/WebstormProjects/translator-app/src/components/TextArea.vue","statementMap":{"0":{"start":{"line":12,"column":0},"end":{"line":12,"column":null}},"1":{"start":{"line":1,"column":0},"end":{"line":1,"column":null}}},"fnMap":{"0":{"name":"(anonymous_4)","decl":{"start":{"line":1,"column":0},"end":{"line":1,"column":null}},"loc":{"start":{"line":1,"column":0},"end":{"line":1,"column":null}}}},"branchMap":{},"s":{"0":2,"1":210},"f":{"0":68},"b":{}}
,"/Users/pavlo/WebstormProjects/translator-app/src/components/Tooltip.vue": {"path":"/Users/pavlo/WebstormProjects/translator-app/src/components/Tooltip.vue","statementMap":{"0":{"start":{"line":8,"column":0},"end":{"line":8,"column":null}},"1":{"start":{"line":1,"column":0},"end":{"line":1,"column":null}}},"fnMap":{"0":{"name":"(anonymous_2)","decl":{"start":{"line":1,"column":0},"end":{"line":1,"column":null}},"loc":{"start":{"line":1,"column":0},"end":{"line":1,"column":null}}}},"branchMap":{},"s":{"0":1,"1":81},"f":{"0":26},"b":{}}
,"/Users/pavlo/WebstormProjects/translator-app/src/store/index.ts": {"path":"/Users/pavlo/WebstormProjects/translator-app/src/store/index.ts","statementMap":{"0":{"start":{"line":1,"column":0},"end":{"line":1,"column":22}},"1":{"start":{"line":2,"column":0},"end":{"line":2,"column":24}},"2":{"start":{"line":3,"column":0},"end":{"line":3,"column":14}},"3":{"start":{"line":5,"column":0},"end":{"line":5,"column":34}}},"fnMap":{},"branchMap":{},"s":{"0":1,"1":1,"2":1,"3":1},"f":{},"b":{}}
,"/Users/pavlo/WebstormProjects/translator-app/src/store/modules/SelectLanguages.ts": {"path":"/Users/pavlo/WebstormProjects/translator-app/src/store/modules/SelectLanguages.ts","statementMap":{"0":{"start":{"line":1,"column":0},"end":{"line":1,"column":34}},"1":{"start":{"line":2,"column":0},"end":{"line":2,"column":74}},"2":{"start":{"line":4,"column":0},"end":{"line":4,"column":40}},"3":{"start":{"line":8,"column":0},"end":{"line":8,"column":null}},"4":{"start":{"line":8,"column":37},"end":{"line":8,"column":47}},"5":{"start":{"line":8,"column":0},"end":{"line":8,"column":13}},"6":{"start":{"line":9,"column":2},"end":{"line":12,"column":null}},"7":{"start":{"line":13,"column":2},"end":{"line":15,"column":null}},"8":{"start":{"line":14,"column":4},"end":{"line":14,"column":34}},"9":{"start":{"line":19,"column":4},"end":{"line":19,"column":77}},"10":{"start":{"line":26,"column":4},"end":{"line":26,"column":63}},"11":{"start":{"line":29,"column":4},"end":{"line":29,"column":55}},"12":{"start":{"line":33,"column":4},"end":{"line":35,"column":null}},"13":{"start":{"line":34,"column":6},"end":{"line":34,"column":70}},"14":{"start":{"line":39,"column":4},"end":{"line":39,"column":25}},"15":{"start":{"line":40,"column":4},"end":{"line":40,"column":52}},"16":{"start":{"line":44,"column":4},"end":{"line":44,"column":33}},"17":{"start":{"line":45,"column":4},"end":{"line":45,"column":52}},"18":{"start":{"line":18,"column":2},"end":{"line":23,"column":null}},"19":{"start":{"line":25,"column":2},"end":{"line":27,"column":null}},"20":{"start":{"line":32,"column":2},"end":{"line":36,"column":null}},"21":{"start":{"line":38,"column":2},"end":{"line":41,"column":null}},"22":{"start":{"line":43,"column":2},"end":{"line":46,"column":null}},"23":{"start":{"line":8,"column":13},"end":{"line":47,"column":null}},"24":{"start":{"line":47,"column":0},"end":{"line":47,"column":null}},"25":{"start":{"line":8,"column":13},"end":{"line":8,"column":28}},"26":{"start":{"line":49,"column":13},"end":{"line":52,"column":3}}},"fnMap":{"0":{"name":"(anonymous_0)","decl":{"start":{"line":8,"column":0},"end":{"line":8,"column":13}},"loc":{"start":{"line":8,"column":0},"end":{"line":8,"column":13}}},"1":{"name":"(anonymous_2)","decl":{"start":{"line":13,"column":2},"end":{"line":13,"column":6}},"loc":{"start":{"line":13,"column":2},"end":{"line":15,"column":3}}},"2":{"name":"(anonymous_3)","decl":{"start":{"line":18,"column":2},"end":{"line":18,"column":null}},"loc":{"start":{"line":18,"column":2},"end":{"line":23,"column":3}}},"3":{"name":"(anonymous_4)","decl":{"start":{"line":25,"column":2},"end":{"line":25,"column":17}},"loc":{"start":{"line":25,"column":37},"end":{"line":27,"column":3}}},"4":{"name":"(anonymous_5)","decl":{"start":{"line":28,"column":2},"end":{"line":28,"column":21}},"loc":{"start":{"line":28,"column":53},"end":{"line":30,"column":3}}},"5":{"name":"(anonymous_6)","decl":{"start":{"line":32,"column":2},"end":{"line":32,"column":null}},"loc":{"start":{"line":32,"column":2},"end":{"line":36,"column":3}}},"6":{"name":"(anonymous_7)","decl":{"start":{"line":38,"column":2},"end":{"line":38,"column":null}},"loc":{"start":{"line":38,"column":2},"end":{"line":41,"column":3}}},"7":{"name":"(anonymous_8)","decl":{"start":{"line":43,"column":2},"end":{"line":43,"column":32}},"loc":{"start":{"line":43,"column":52},"end":{"line":46,"column":3}}}},"branchMap":{"0":{"loc":{"start":{"line":8,"column":0},"end":{"line":8,"column":13}},"type":"binary-expr","locations":[{"start":{"line":8,"column":0},"end":{"line":8,"column":13}},{"start":{"line":8,"column":0},"end":{"line":8,"column":13}},{"start":{"line":8,"column":0},"end":{"line":8,"column":13}}]},"1":{"loc":{"start":{"line":33,"column":4},"end":{"line":35,"column":null}},"type":"if","locations":[{"start":{"line":33,"column":4},"end":{"line":35,"column":null}}]}},"s":{"0":1,"1":1,"2":1,"3":1,"4":1,"5":10,"6":10,"7":1,"8":5,"9":2,"10":2,"11":3,"12":1,"13":1,"14":1,"15":1,"16":1,"17":1,"18":1,"19":1,"20":1,"21":1,"22":1,"23":1,"24":1,"25":1,"26":1},"f":{"0":11,"1":5,"2":2,"3":2,"4":3,"5":1,"6":1,"7":1},"b":{"0":[10,10,10],"1":[1]}}
,"/Users/pavlo/WebstormProjects/translator-app/src/translation/request.ts": {"path":"/Users/pavlo/WebstormProjects/translator-app/src/translation/request.ts","statementMap":{"0":{"start":{"line":1,"column":0},"end":{"line":1,"column":26}},"1":{"start":{"line":4,"column":2},"end":{"line":4,"column":70}},"2":{"start":{"line":11,"column":8},"end":{"line":13,"column":5}},"3":{"start":{"line":14,"column":19},"end":{"line":14,"column":null}},"4":{"start":{"line":14,"column":10},"end":{"line":14,"column":19}},"5":{"start":{"line":18,"column":2},"end":{"line":18,"column":23}},"6":{"start":{"line":6,"column":0},"end":{"line":6,"column":22}}},"fnMap":{"0":{"name":"sendToTranslate","decl":{"start":{"line":6,"column":22},"end":{"line":6,"column":37}},"loc":{"start":{"line":9,"column":14},"end":{"line":19,"column":null}}}},"branchMap":{},"s":{"0":1,"1":1,"2":2,"3":2,"4":2,"5":2,"6":1},"f":{"0":2},"b":{}}
,"/Users/pavlo/WebstormProjects/translator-app/src/views/HomeView.vue": {"path":"/Users/pavlo/WebstormProjects/translator-app/src/views/HomeView.vue","statementMap":{"0":{"start":{"line":71,"column":0},"end":{"line":71,"column":null}},"1":{"start":{"line":72,"column":0},"end":{"line":72,"column":null}},"2":{"start":{"line":73,"column":0},"end":{"line":73,"column":null}},"3":{"start":{"line":74,"column":0},"end":{"line":74,"column":null}},"4":{"start":{"line":75,"column":0},"end":{"line":75,"column":null}},"5":{"start":{"line":76,"column":0},"end":{"line":76,"column":null}},"6":{"start":{"line":77,"column":0},"end":{"line":77,"column":null}},"7":{"start":{"line":79,"column":0},"end":{"line":79,"column":null}},"8":{"start":{"line":80,"column":0},"end":{"line":80,"column":null}},"9":{"start":{"line":81,"column":0},"end":{"line":81,"column":null}},"10":{"start":{"line":83,"column":0},"end":{"line":83,"column":null}},"11":{"start":{"line":84,"column":0},"end":{"line":84,"column":null}},"12":{"start":{"line":1,"column":0},"end":{"line":1,"column":null}}},"fnMap":{"0":{"name":"(anonymous_19)","decl":{"start":{"line":1,"column":0},"end":{"line":1,"column":null}},"loc":{"start":{"line":1,"column":0},"end":{"line":1,"column":null}}}},"branchMap":{"0":{"loc":{"start":{"line":1,"column":0},"end":{"line":1,"column":null}},"type":"cond-expr","locations":[{"start":{"line":1,"column":0},"end":{"line":1,"column":null}},{"start":{"line":1,"column":0},"end":{"line":1,"column":null}}]}},"s":{"0":1,"1":1,"2":1,"3":1,"4":1,"5":1,"6":1,"7":1,"8":1,"9":1,"10":1,"11":1,"12":146},"f":{"0":49},"b":{"0":[50,44]}}
}
