TN:
SF:src/languages.ts
FN:3,(anonymous_0)
FNF:1
FNH:1
FNDA:3,(anonymous_0)
DA:3,3
DA:4,3
DA:5,3
DA:6,3
DA:7,3
DA:8,3
DA:9,3
DA:11,3
LF:8
LH:8
BRDA:3,0,0,3
BRDA:3,0,1,3
BRF:2
BRH:2
end_of_record
TN:
SF:src/components/Button.vue
FN:1,(anonymous_2)
FNF:1
FNH:1
FNDA:215,(anonymous_2)
DA:1,648
DA:8,3
LF:2
LH:2
BRF:0
BRH:0
end_of_record
TN:
SF:src/components/IconSvg.vue
FN:1,(anonymous_3)
FNF:1
FNH:1
FNDA:4,(anonymous_3)
DA:1,21
DA:14,3
LF:2
LH:2
BRDA:1,0,0,3
BRDA:1,0,1,1
BRF:2
BRH:2
end_of_record
TN:
SF:src/components/Loader.vue
FN:1,(anonymous_2)
FNF:1
FNH:1
FNDA:6,(anonymous_2)
DA:1,21
DA:6,1
LF:2
LH:2
BRF:0
BRH:0
end_of_record
TN:
SF:src/components/SavedTranslations.vue
FN:1,(anonymous_9)
FNF:1
FNH:1
FNDA:22,(anonymous_9)
DA:1,56
DA:45,2
DA:46,2
DA:48,2
LF:4
LH:4
BRF:0
BRH:0
end_of_record
TN:
SF:src/components/Select.vue
FN:1,(anonymous_2)
FNF:1
FNH:1
FNDA:344,(anonymous_2)
DA:1,445
DA:15,1
LF:2
LH:2
BRDA:1,0,0,1
BRDA:1,0,1,1
BRF:2
BRH:2
end_of_record
TN:
SF:src/components/TextArea.vue
FN:1,(anonymous_4)
FNF:1
FNH:1
FNDA:68,(anonymous_4)
DA:1,210
DA:12,2
LF:2
LH:2
BRF:0
BRH:0
end_of_record
TN:
SF:src/components/Tooltip.vue
FN:1,(anonymous_2)
FNF:1
FNH:1
FNDA:26,(anonymous_2)
DA:1,81
DA:8,1
LF:2
LH:2
BRF:0
BRH:0
end_of_record
TN:
SF:src/store/index.ts
FNF:0
FNH:0
DA:1,1
DA:2,1
DA:3,1
DA:5,1
LF:4
LH:4
BRF:0
BRH:0
end_of_record
TN:
SF:src/store/modules/SelectLanguages.ts
FN:8,(anonymous_0)
FN:13,(anonymous_2)
FN:18,(anonymous_3)
FN:25,(anonymous_4)
FN:28,(anonymous_5)
FN:32,(anonymous_6)
FN:38,(anonymous_7)
FN:43,(anonymous_8)
FNF:8
FNH:8
FNDA:11,(anonymous_0)
FNDA:5,(anonymous_2)
FNDA:2,(anonymous_3)
FNDA:2,(anonymous_4)
FNDA:3,(anonymous_5)
FNDA:1,(anonymous_6)
FNDA:1,(anonymous_7)
FNDA:1,(anonymous_8)
DA:1,1
DA:2,1
DA:4,1
DA:8,10
DA:9,10
DA:13,1
DA:14,5
DA:18,1
DA:19,2
DA:25,1
DA:26,2
DA:29,3
DA:32,1
DA:33,1
DA:34,1
DA:38,1
DA:39,1
DA:40,1
DA:43,1
DA:44,1
DA:45,1
DA:47,1
DA:49,1
LF:23
LH:23
BRDA:8,0,0,10
BRDA:8,0,1,10
BRDA:8,0,2,10
BRDA:33,1,0,1
BRF:4
BRH:4
end_of_record
TN:
SF:src/translation/request.ts
FN:6,sendToTranslate
FNF:1
FNH:1
FNDA:2,sendToTranslate
DA:1,1
DA:4,1
DA:6,1
DA:11,2
DA:14,2
DA:18,2
LF:6
LH:6
BRF:0
BRH:0
end_of_record
TN:
SF:src/views/HomeView.vue
FN:1,(anonymous_19)
FNF:1
FNH:1
FNDA:49,(anonymous_19)
DA:1,146
DA:71,1
DA:72,1
DA:73,1
DA:74,1
DA:75,1
DA:76,1
DA:77,1
DA:79,1
DA:80,1
DA:81,1
DA:83,1
DA:84,1
LF:13
LH:13
BRDA:1,0,0,50
BRDA:1,0,1,44
BRF:2
BRH:2
end_of_record
